<?xml version="1.0" encoding="utf-8"?><testsuites name="pytest tests"><testsuite name="pytest" errors="0" failures="0" skipped="0" tests="45" time="12.334" timestamp="2026-04-20T14:41:34.375277+00:00" hostname="agent-env-71e63b03-27d1-4d26-8ec6-69b1416b521b"><testcase classname="backend.tests.test_iteration3.TestPayPal" name="test_paypal_checkout_creates_session" time="1.704" /><testcase classname="backend.tests.test_iteration3.TestPayPal" name="test_paypal_status_returns_json" time="0.747" /><testcase classname="backend.tests.test_iteration3.TestPayPal" name="test_paypal_status_bad_id_404" time="0.061" /><testcase classname="backend.tests.test_iteration3.TestPayPal" name="test_paypal_invalid_amount_400" time="0.059" /><testcase classname="backend.tests.test_iteration3.TestTickets" name="test_user_create_and_list" time="0.149" /><testcase classname="backend.tests.test_iteration3.TestTickets" name="test_get_ticket_by_id" time="0.059" /><testcase classname="backend.tests.test_iteration3.TestTickets" name="test_other_user_cannot_read" time="0.460" /><testcase classname="backend.tests.test_iteration3.TestTickets" name="test_user_reply_sets_pending" time="0.066" /><testcase classname="backend.tests.test_iteration3.TestTickets" name="test_admin_list_all" time="0.456" /><testcase classname="backend.tests.test_iteration3.TestTickets" name="test_admin_reply_sets_answered" time="0.053" /><testcase classname="backend.tests.test_iteration3.TestTickets" name="test_admin_patch_status" time="0.055" /><testcase classname="backend.tests.test_iteration3.TestNotifications" name="test_order_creates_notification" time="0.316" /><testcase classname="backend.tests.test_iteration3.TestNotifications" name="test_mark_read_and_read_all" time="0.294" /><testcase classname="backend.tests.test_iteration3.TestImportServices" name="test_mock_supplier_import_skips" time="0.058" /><testcase classname="backend.tests.test_iteration3.TestImportServices" name="test_nonexistent_supplier_404" time="0.060" /><testcase classname="backend.tests.test_iteration3.TestRegression" name="test_admin_login" time="0.339" /><testcase classname="backend.tests.test_iteration3.TestRegression" name="test_services_available" time="0.137" /><testcase classname="backend.tests.test_iteration3.TestRegression" name="test_stripe_checkout_still_works" time="0.598" /><testcase classname="backend.tests.backend_test" name="test_health" time="0.162" /><testcase classname="backend.tests.backend_test.TestAuth" name="test_login_admin_sets_cookie" time="0.448" /><testcase classname="backend.tests.backend_test.TestAuth" name="test_login_wrong_password_401" time="0.382" /><testcase classname="backend.tests.backend_test.TestAuth" name="test_demo_user_has_balance" time="0.391" /><testcase classname="backend.tests.backend_test.TestAuth" name="test_register_and_logout" time="0.597" /><testcase classname="backend.tests.backend_test.TestAuth" name="test_register_duplicate_email" time="0.147" /><testcase classname="backend.tests.backend_test.TestAuth" name="test_me_unauthenticated" time="0.122" /><testcase classname="backend.tests.backend_test.TestServices" name="test_list_services" time="0.124" /><testcase classname="backend.tests.backend_test.TestServices" name="test_filter_platform" time="0.107" /><testcase classname="backend.tests.backend_test.TestOrders" name="test_create_order_deducts_balance" time="0.292" /><testcase classname="backend.tests.backend_test.TestOrders" name="test_list_orders_returns_only_user" time="0.108" /><testcase classname="backend.tests.backend_test.TestOrders" name="test_sync_order" time="0.052" /><testcase classname="backend.tests.backend_test.TestOrders" name="test_create_order_insufficient_balance" time="0.570" /><testcase classname="backend.tests.backend_test.TestWallet" name="test_balance" time="0.049" /><testcase classname="backend.tests.backend_test.TestWallet" name="test_transactions" time="0.048" /><testcase classname="backend.tests.backend_test.TestPayments" name="test_stripe_checkout_valid" time="0.386" /><testcase classname="backend.tests.backend_test.TestPayments" name="test_stripe_checkout_invalid_amount" time="0.051" /><testcase classname="backend.tests.backend_test.TestPayments" name="test_stripe_status" time="0.248" /><testcase classname="backend.tests.backend_test.TestPayments" name="test_paypal_live_checkout" time="0.615" /><testcase classname="backend.tests.backend_test.TestAdminAuthz" name="test_demo_cant_access_admin" time="0.051" /><testcase classname="backend.tests.backend_test.TestAdminAuthz" name="test_unauth_admin_401" time="0.131" /><testcase classname="backend.tests.backend_test.TestAdminRoutes" name="test_stats" time="0.061" /><testcase classname="backend.tests.backend_test.TestAdminRoutes" name="test_users_crud" time="0.488" /><testcase classname="backend.tests.backend_test.TestAdminRoutes" name="test_roles_crud" time="0.280" /><testcase classname="backend.tests.backend_test.TestAdminRoutes" name="test_suppliers_crud" time="0.242" /><testcase classname="backend.tests.backend_test.TestAdminRoutes" name="test_services_crud" time="0.248" /><testcase classname="backend.tests.backend_test.TestAdminRoutes" name="test_admin_orders_and_transactions" time="0.113" /></testsuite></testsuites>