<?xml version="1.0" encoding="utf-8"?><testsuites name="pytest tests"><testsuite name="pytest" errors="0" failures="0" skipped="0" tests="18" time="5.216" timestamp="2026-04-19T20:43:08.896391+00:00" hostname="agent-env-71e63b03-27d1-4d26-8ec6-69b1416b521b"><testcase classname="backend.tests.test_iteration3.TestPayPal" name="test_paypal_checkout_creates_session" time="1.439" /><testcase classname="backend.tests.test_iteration3.TestPayPal" name="test_paypal_status_returns_json" time="0.722" /><testcase classname="backend.tests.test_iteration3.TestPayPal" name="test_paypal_status_bad_id_404" time="0.058" /><testcase classname="backend.tests.test_iteration3.TestPayPal" name="test_paypal_invalid_amount_400" time="0.053" /><testcase classname="backend.tests.test_iteration3.TestTickets" name="test_user_create_and_list" time="0.121" /><testcase classname="backend.tests.test_iteration3.TestTickets" name="test_get_ticket_by_id" time="0.053" /><testcase classname="backend.tests.test_iteration3.TestTickets" name="test_other_user_cannot_read" time="0.425" /><testcase classname="backend.tests.test_iteration3.TestTickets" name="test_user_reply_sets_pending" time="0.053" /><testcase classname="backend.tests.test_iteration3.TestTickets" name="test_admin_list_all" time="0.430" /><testcase classname="backend.tests.test_iteration3.TestTickets" name="test_admin_reply_sets_answered" time="0.050" /><testcase classname="backend.tests.test_iteration3.TestTickets" name="test_admin_patch_status" time="0.057" /><testcase classname="backend.tests.test_iteration3.TestNotifications" name="test_order_creates_notification" time="0.316" /><testcase classname="backend.tests.test_iteration3.TestNotifications" name="test_mark_read_and_read_all" time="0.220" /><testcase classname="backend.tests.test_iteration3.TestImportServices" name="test_mock_supplier_import_skips" time="0.049" /><testcase classname="backend.tests.test_iteration3.TestImportServices" name="test_nonexistent_supplier_404" time="0.043" /><testcase classname="backend.tests.test_iteration3.TestRegression" name="test_admin_login" time="0.330" /><testcase classname="backend.tests.test_iteration3.TestRegression" name="test_services_available" time="0.138" /><testcase classname="backend.tests.test_iteration3.TestRegression" name="test_stripe_checkout_still_works" time="0.558" /></testsuite></testsuites>