<?xml version="1.0" encoding="utf-8"?><testsuites name="pytest tests"><testsuite name="pytest" errors="0" failures="1" skipped="0" tests="18" time="6.112" timestamp="2026-04-20T14:44:53.069334+00:00" hostname="agent-env-71e63b03-27d1-4d26-8ec6-69b1416b521b"><testcase classname="backend.tests.test_iteration4.TestCatalog" name="test_catalog_has_many_platforms_and_services" time="0.523" /><testcase classname="backend.tests.test_iteration4.TestApiKeys" name="test_create_list_revoke_delete_key" time="0.521" /><testcase classname="backend.tests.test_iteration4.TestResellerV2" name="test_v2_balance" time="0.467" /><testcase classname="backend.tests.test_iteration4.TestResellerV2" name="test_v2_services_shape" time="0.163" /><testcase classname="backend.tests.test_iteration4.TestResellerV2" name="test_v2_order_and_status" time="1.075" /><testcase classname="backend.tests.test_iteration4.TestResellerV2" name="test_v2_compat_endpoint" time="0.255" /><testcase classname="backend.tests.test_iteration4.TestResellerV2" name="test_v2_invalid_key" time="0.114" /><testcase classname="backend.tests.test_iteration4.TestFavorites" name="test_favorites_add_list_dedupe_remove" time="0.348" /><testcase classname="backend.tests.test_iteration4.TestCancelAndRefill" name="test_cancel_pending_order_refunds" time="0.361" /><testcase classname="backend.tests.test_iteration4.TestCancelAndRefill" name="test_refill_flow" time="0.430" /><testcase classname="backend.tests.test_iteration4.TestBulkUpload" name="test_bulk_csv_upload" time="0.243" /><testcase classname="backend.tests.test_iteration4.TestBulkUpload" name="test_bulk_insufficient_balance" time="0.135" /><testcase classname="backend.tests.test_iteration4.TestCsvExport" name="test_export_orders_csv" time="0.062"><failure message="assert 404 == 200&#10; +  where 404 = &lt;Response [404]&gt;.status_code">E   assert 404 == 200
     +  where 404 = &lt;Response [404]&gt;.status_code</failure></testcase><testcase classname="backend.tests.test_iteration4.TestAnnouncements" name="test_create_list_delete_announcement" time="0.229" /><testcase classname="backend.tests.test_iteration4.TestProfitDashboard" name="test_admin_profit" time="0.071" /><testcase classname="backend.tests.test_iteration4.TestRegression" name="test_admin_login_and_stats" time="0.089" /><testcase classname="backend.tests.test_iteration4.TestRegression" name="test_stripe_checkout_create" time="0.631" /><testcase classname="backend.tests.test_iteration4.TestRegression" name="test_emergent_session_endpoint_exists" time="0.282" /></testsuite></testsuites>