<?xml version="1.0" encoding="utf-8"?><testsuites name="pytest tests"><testsuite name="pytest" errors="0" failures="0" skipped="0" tests="11" time="2.245" timestamp="2026-04-25T20:29:15.376147+00:00" hostname="agent-env-71e63b03-27d1-4d26-8ec6-69b1416b521b"><testcase classname="backend.tests.test_iteration5.TestServicesPlatformFilter" name="test_instagram" time="0.258" /><testcase classname="backend.tests.test_iteration5.TestServicesPlatformFilter" name="test_youtube" time="0.114" /><testcase classname="backend.tests.test_iteration5.TestServicesPlatformFilter" name="test_tiktok" time="0.159" /><testcase classname="backend.tests.test_iteration5.TestServicesPlatformFilter" name="test_unknown_platform_empty" time="0.146" /><testcase classname="backend.tests.test_iteration5.TestPlatformAnalytics" name="test_instagram_shape" time="0.389" /><testcase classname="backend.tests.test_iteration5.TestPlatformAnalytics" name="test_youtube_shape" time="0.053" /><testcase classname="backend.tests.test_iteration5.TestPlatformAnalytics" name="test_unauth_401" time="0.116" /><testcase classname="backend.tests.test_iteration5.TestPlatformAnalytics" name="test_demo_has_orders_after_creating" time="0.266" /><testcase classname="backend.tests.test_iteration5.TestMyAccounts" name="test_full_crud" time="0.323" /><testcase classname="backend.tests.test_iteration5.TestMyAccounts" name="test_delete_nonexistent_404" time="0.057" /><testcase classname="backend.tests.test_iteration5.TestMyAccounts" name="test_unauth_401" time="0.178" /></testsuite></testsuites>