<?xml version="1.0" encoding="utf-8"?><testsuites name="pytest tests"><testsuite name="pytest" errors="0" failures="1" skipped="0" tests="27" time="5.849" timestamp="2026-04-19T20:11:09.598429+00:00" hostname="agent-env-71e63b03-27d1-4d26-8ec6-69b1416b521b"><testcase classname="backend.tests.backend_test" name="test_health" time="0.146" /><testcase classname="backend.tests.backend_test.TestAuth" name="test_login_admin_sets_cookie" time="0.399" /><testcase classname="backend.tests.backend_test.TestAuth" name="test_login_wrong_password_401" time="0.329" /><testcase classname="backend.tests.backend_test.TestAuth" name="test_demo_user_has_balance" time="0.393" /><testcase classname="backend.tests.backend_test.TestAuth" name="test_register_and_logout" time="0.591" /><testcase classname="backend.tests.backend_test.TestAuth" name="test_register_duplicate_email" time="0.111" /><testcase classname="backend.tests.backend_test.TestAuth" name="test_me_unauthenticated" time="0.115" /><testcase classname="backend.tests.backend_test.TestServices" name="test_list_services" time="0.125" /><testcase classname="backend.tests.backend_test.TestServices" name="test_filter_platform" time="0.128" /><testcase classname="backend.tests.backend_test.TestOrders" name="test_create_order_deducts_balance" time="0.256" /><testcase classname="backend.tests.backend_test.TestOrders" name="test_list_orders_returns_only_user" time="0.096" /><testcase classname="backend.tests.backend_test.TestOrders" name="test_sync_order" time="0.053" /><testcase classname="backend.tests.backend_test.TestOrders" name="test_create_order_insufficient_balance" time="0.489" /><testcase classname="backend.tests.backend_test.TestWallet" name="test_balance" time="0.051" /><testcase classname="backend.tests.backend_test.TestWallet" name="test_transactions" time="0.045" /><testcase classname="backend.tests.backend_test.TestPayments" name="test_stripe_checkout_valid" time="0.539" /><testcase classname="backend.tests.backend_test.TestPayments" name="test_stripe_checkout_invalid_amount" time="0.047" /><testcase classname="backend.tests.backend_test.TestPayments" name="test_stripe_status" time="0.301"><failure message="AssertionError: Internal Server Error&#10;assert 500 == 200&#10; +  where 500 = &lt;Response [500]&gt;.status_code">E   AssertionError: Internal Server Error
    assert 500 == 200
     +  where 500 = &lt;Response [500]&gt;.status_code</failure></testcase><testcase classname="backend.tests.backend_test.TestPayments" name="test_paypal_placeholder" time="0.053" /><testcase classname="backend.tests.backend_test.TestAdminAuthz" name="test_demo_cant_access_admin" time="0.048" /><testcase classname="backend.tests.backend_test.TestAdminAuthz" name="test_unauth_admin_401" time="0.115" /><testcase classname="backend.tests.backend_test.TestAdminRoutes" name="test_stats" time="0.057" /><testcase classname="backend.tests.backend_test.TestAdminRoutes" name="test_users_crud" time="0.446" /><testcase classname="backend.tests.backend_test.TestAdminRoutes" name="test_roles_crud" time="0.243" /><testcase classname="backend.tests.backend_test.TestAdminRoutes" name="test_suppliers_crud" time="0.239" /><testcase classname="backend.tests.backend_test.TestAdminRoutes" name="test_services_crud" time="0.221" /><testcase classname="backend.tests.backend_test.TestAdminRoutes" name="test_admin_orders_and_transactions" time="0.105" /></testsuite></testsuites>