<?xml version="1.0" encoding="utf-8"?><testsuites name="pytest tests"><testsuite name="pytest" errors="0" failures="0" skipped="0" tests="7" time="2.154" timestamp="2026-04-19T20:16:55.888695+00:00" hostname="agent-env-71e63b03-27d1-4d26-8ec6-69b1416b521b"><testcase classname="backend.tests.backend_test" name="test_health" time="0.293" /><testcase classname="backend.tests.backend_test.TestAuth" name="test_login_admin_sets_cookie" time="0.393" /><testcase classname="backend.tests.backend_test.TestServices" name="test_list_services" time="0.144" /><testcase classname="backend.tests.backend_test.TestPayments" name="test_stripe_checkout_valid" time="0.899" /><testcase classname="backend.tests.backend_test.TestPayments" name="test_stripe_checkout_invalid_amount" time="0.044" /><testcase classname="backend.tests.backend_test.TestPayments" name="test_stripe_status" time="0.244" /><testcase classname="backend.tests.backend_test.TestAdminRoutes" name="test_stats" time="0.060" /></testsuite></testsuites>